-------------------------------------------------------------------------------
Test set: com.google.cloud.teleport.it.artifacts.GcsArtifactTest
-------------------------------------------------------------------------------
Tests run: 3, Failures: 0, Errors: 3, Skipped: 0, Time elapsed: 0.054 s <<< FAILURE! - in com.google.cloud.teleport.it.artifacts.GcsArtifactTest
testName(com.google.cloud.teleport.it.artifacts.GcsArtifactTest)  Time elapsed: 0.009 s  <<< ERROR!
org.mockito.exceptions.base.MockitoException: 

Mockito cannot mock this class: class com.google.cloud.storage.Blob.

If you're not sure why you're getting this error, please report to the mailing list.


Java               : 17
JVM vendor name    : Oracle Corporation
JVM vendor version : 17.0.4.1+1-LTS-2
JVM name           : Java HotSpot(TM) 64-Bit Server VM
JVM version        : 17.0.4.1+1-LTS-2
JVM info           : mixed mode, sharing
OS name            : Mac OS X
OS version         : 13.0.1


You are seeing this disclaimer because Mockito is configured to create inlined mocks.
You can learn about inline mocks and their limitations under item #39 of the Mockito class javadoc.

Underlying exception : org.mockito.exceptions.base.MockitoException: Could not modify all classes [interface java.io.Serializable, class com.google.cloud.storage.BlobInfo, class com.google.cloud.storage.Blob]
Caused by: org.mockito.exceptions.base.MockitoException: Could not modify all classes [interface java.io.Serializable, class com.google.cloud.storage.BlobInfo, class com.google.cloud.storage.Blob]
Caused by: java.lang.IllegalStateException: 

Byte Buddy could not instrument all classes within the mock's type hierarchy

This problem should never occur for javac-compiled classes. This problem has been observed for classes that are:
 - Compiled by older versions of scalac
 - Classes that are part of the Android distribution
Caused by: java.lang.IllegalArgumentException: Unsupported class file major version 61

testId(com.google.cloud.teleport.it.artifacts.GcsArtifactTest)  Time elapsed: 0.027 s  <<< ERROR!
org.mockito.exceptions.base.MockitoException: 

Mockito cannot mock this class: class com.google.cloud.storage.Blob.

If you're not sure why you're getting this error, please report to the mailing list.


Java               : 17
JVM vendor name    : Oracle Corporation
JVM vendor version : 17.0.4.1+1-LTS-2
JVM name           : Java HotSpot(TM) 64-Bit Server VM
JVM version        : 17.0.4.1+1-LTS-2
JVM info           : mixed mode, sharing
OS name            : Mac OS X
OS version         : 13.0.1


You are seeing this disclaimer because Mockito is configured to create inlined mocks.
You can learn about inline mocks and their limitations under item #39 of the Mockito class javadoc.

Underlying exception : org.mockito.exceptions.base.MockitoException: Could not modify all classes [interface java.io.Serializable, class com.google.cloud.storage.BlobInfo, class com.google.cloud.storage.Blob]
Caused by: org.mockito.exceptions.base.MockitoException: Could not modify all classes [interface java.io.Serializable, class com.google.cloud.storage.BlobInfo, class com.google.cloud.storage.Blob]
Caused by: java.lang.IllegalStateException: 

Byte Buddy could not instrument all classes within the mock's type hierarchy

This problem should never occur for javac-compiled classes. This problem has been observed for classes that are:
 - Compiled by older versions of scalac
 - Classes that are part of the Android distribution
Caused by: java.lang.IllegalArgumentException: Unsupported class file major version 61

testContents(com.google.cloud.teleport.it.artifacts.GcsArtifactTest)  Time elapsed: 0.018 s  <<< ERROR!
org.mockito.exceptions.base.MockitoException: 

Mockito cannot mock this class: class com.google.cloud.storage.Blob.

If you're not sure why you're getting this error, please report to the mailing list.


Java               : 17
JVM vendor name    : Oracle Corporation
JVM vendor version : 17.0.4.1+1-LTS-2
JVM name           : Java HotSpot(TM) 64-Bit Server VM
JVM version        : 17.0.4.1+1-LTS-2
JVM info           : mixed mode, sharing
OS name            : Mac OS X
OS version         : 13.0.1


You are seeing this disclaimer because Mockito is configured to create inlined mocks.
You can learn about inline mocks and their limitations under item #39 of the Mockito class javadoc.

Underlying exception : org.mockito.exceptions.base.MockitoException: Could not modify all classes [interface java.io.Serializable, class com.google.cloud.storage.BlobInfo, class com.google.cloud.storage.Blob]
Caused by: org.mockito.exceptions.base.MockitoException: Could not modify all classes [interface java.io.Serializable, class com.google.cloud.storage.BlobInfo, class com.google.cloud.storage.Blob]
Caused by: java.lang.IllegalStateException: 

Byte Buddy could not instrument all classes within the mock's type hierarchy

This problem should never occur for javac-compiled classes. This problem has been observed for classes that are:
 - Compiled by older versions of scalac
 - Classes that are part of the Android distribution
Caused by: java.lang.IllegalArgumentException: Unsupported class file major version 61

