<?xml version="1.0" encoding="UTF-8"?>
<testsuite xmlns:xsi="http://www.w3.org/2001/XMLSchema-instance" xsi:noNamespaceSchemaLocation="https://maven.apache.org/surefire/maven-surefire-plugin/xsd/surefire-test-report.xsd" name="com.google.cloud.teleport.it.spanner.DefaultSpannerResourceManagerTest" time="0.164" tests="17" errors="17" skipped="0" failures="0">
  <properties>
[...]
</properties>
  <testcase name="testCreateTableShouldThrowExceptionWhenSpannerUpdateDatabaseFails" classname="com.google.cloud.teleport.it.spanner.DefaultSpannerResourceManagerTest" time="0.011">
    <error message="&#10;Mockito cannot mock this class: interface com.google.cloud.spanner.Spanner.&#10;&#10;If you&apos;re not sure why you&apos;re getting this error, please report to the mailing list.&#10;&#10;&#10;Java               : 17&#10;JVM vendor name    : Oracle Corporation&#10;JVM vendor version : 17.0.4.1+1-LTS-2&#10;JVM name           : Java HotSpot(TM) 64-Bit Server VM&#10;JVM version        : 17.0.4.1+1-LTS-2&#10;JVM info           : mixed mode, sharing&#10;OS name            : Mac OS X&#10;OS version         : 13.0.1&#10;&#10;&#10;You are seeing this disclaimer because Mockito is configured to create inlined mocks.&#10;You can learn about inline mocks and their limitations under item #39 of the Mockito class javadoc.&#10;&#10;Underlying exception : org.mockito.exceptions.base.MockitoException: Could not modify all classes [interface com.google.cloud.spanner.Spanner, interface java.lang.AutoCloseable]" type="org.mockito.exceptions.base.MockitoException">org.mockito.exceptions.base.MockitoException: 

Mockito cannot mock this class: interface com.google.cloud.spanner.Spanner.

If you're not sure why you're getting this error, please report to the mailing list.


Java               : 17
JVM vendor name    : Oracle Corporation
JVM vendor version : 17.0.4.1+1-LTS-2
JVM name           : Java HotSpot(TM) 64-Bit Server VM
JVM version        : 17.0.4.1+1-LTS-2
JVM info           : mixed mode, sharing
OS name            : Mac OS X
OS version         : 13.0.1


You are seeing this disclaimer because Mockito is configured to create inlined mocks.
You can learn about inline mocks and their limitations under item #39 of the Mockito class javadoc.

Underlying exception : org.mockito.exceptions.base.MockitoException: Could not modify all classes [interface com.google.cloud.spanner.Spanner, interface java.lang.AutoCloseable]
Caused by: org.mockito.exceptions.base.MockitoException: Could not modify all classes [interface com.google.cloud.spanner.Spanner, interface java.lang.AutoCloseable]
Caused by: java.lang.IllegalStateException: 

Byte Buddy could not instrument all classes within the mock's type hierarchy

This problem should never occur for javac-compiled classes. This problem has been observed for classes that are:
 - Compiled by older versions of scalac
 - Classes that are part of the Android distribution
Caused by: java.lang.IllegalArgumentException: Unsupported class file major version 61
</error>
  </testcase>
  <testcase name="testWriteMultipleRecordsShouldThrowExceptionWhenCalledBeforeCreateTable" classname="com.google.cloud.teleport.it.spanner.DefaultSpannerResourceManagerTest" time="0.009">
    <error message="&#10;Mockito cannot mock this class: interface com.google.cloud.spanner.Spanner.&#10;&#10;If you&apos;re not sure why you&apos;re getting this error, please report to the mailing list.&#10;&#10;&#10;Java               : 17&#10;JVM vendor name    : Oracle Corporation&#10;JVM vendor version : 17.0.4.1+1-LTS-2&#10;JVM name           : Java HotSpot(TM) 64-Bit Server VM&#10;JVM version        : 17.0.4.1+1-LTS-2&#10;JVM info           : mixed mode, sharing&#10;OS name            : Mac OS X&#10;OS version         : 13.0.1&#10;&#10;&#10;You are seeing this disclaimer because Mockito is configured to create inlined mocks.&#10;You can learn about inline mocks and their limitations under item #39 of the Mockito class javadoc.&#10;&#10;Underlying exception : org.mockito.exceptions.base.MockitoException: Could not modify all classes [interface com.google.cloud.spanner.Spanner, interface java.lang.AutoCloseable]" type="org.mockito.exceptions.base.MockitoException">org.mockito.exceptions.base.MockitoException: 

Mockito cannot mock this class: interface com.google.cloud.spanner.Spanner.

If you're not sure why you're getting this error, please report to the mailing list.


Java               : 17
JVM vendor name    : Oracle Corporation
JVM vendor version : 17.0.4.1+1-LTS-2
JVM name           : Java HotSpot(TM) 64-Bit Server VM
JVM version        : 17.0.4.1+1-LTS-2
JVM info           : mixed mode, sharing
OS name            : Mac OS X
OS version         : 13.0.1


You are seeing this disclaimer because Mockito is configured to create inlined mocks.
You can learn about inline mocks and their limitations under item #39 of the Mockito class javadoc.

Underlying exception : org.mockito.exceptions.base.MockitoException: Could not modify all classes [interface com.google.cloud.spanner.Spanner, interface java.lang.AutoCloseable]
Caused by: org.mockito.exceptions.base.MockitoException: Could not modify all classes [interface com.google.cloud.spanner.Spanner, interface java.lang.AutoCloseable]
Caused by: java.lang.IllegalStateException: 

Byte Buddy could not instrument all classes within the mock's type hierarchy

This problem should never occur for javac-compiled classes. This problem has been observed for classes that are:
 - Compiled by older versions of scalac
 - Classes that are part of the Android distribution
Caused by: java.lang.IllegalArgumentException: Unsupported class file major version 61
</error>
  </testcase>
  <testcase name="testReadRecordsShouldThrowExceptionWhenSpannerReadFails" classname="com.google.cloud.teleport.it.spanner.DefaultSpannerResourceManagerTest" time="0.013">
    <error message="&#10;Mockito cannot mock this class: interface com.google.cloud.spanner.Spanner.&#10;&#10;If you&apos;re not sure why you&apos;re getting this error, please report to the mailing list.&#10;&#10;&#10;Java               : 17&#10;JVM vendor name    : Oracle Corporation&#10;JVM vendor version : 17.0.4.1+1-LTS-2&#10;JVM name           : Java HotSpot(TM) 64-Bit Server VM&#10;JVM version        : 17.0.4.1+1-LTS-2&#10;JVM info           : mixed mode, sharing&#10;OS name            : Mac OS X&#10;OS version         : 13.0.1&#10;&#10;&#10;You are seeing this disclaimer because Mockito is configured to create inlined mocks.&#10;You can learn about inline mocks and their limitations under item #39 of the Mockito class javadoc.&#10;&#10;Underlying exception : org.mockito.exceptions.base.MockitoException: Could not modify all classes [interface com.google.cloud.spanner.Spanner, interface java.lang.AutoCloseable]" type="org.mockito.exceptions.base.MockitoException">org.mockito.exceptions.base.MockitoException: 

Mockito cannot mock this class: interface com.google.cloud.spanner.Spanner.

If you're not sure why you're getting this error, please report to the mailing list.


Java               : 17
JVM vendor name    : Oracle Corporation
JVM vendor version : 17.0.4.1+1-LTS-2
JVM name           : Java HotSpot(TM) 64-Bit Server VM
JVM version        : 17.0.4.1+1-LTS-2
JVM info           : mixed mode, sharing
OS name            : Mac OS X
OS version         : 13.0.1


You are seeing this disclaimer because Mockito is configured to create inlined mocks.
You can learn about inline mocks and their limitations under item #39 of the Mockito class javadoc.

Underlying exception : org.mockito.exceptions.base.MockitoException: Could not modify all classes [interface com.google.cloud.spanner.Spanner, interface java.lang.AutoCloseable]
Caused by: org.mockito.exceptions.base.MockitoException: Could not modify all classes [interface com.google.cloud.spanner.Spanner, interface java.lang.AutoCloseable]
Caused by: java.lang.IllegalStateException: 

Byte Buddy could not instrument all classes within the mock's type hierarchy

This problem should never occur for javac-compiled classes. This problem has been observed for classes that are:
 - Compiled by older versions of scalac
 - Classes that are part of the Android distribution
Caused by: java.lang.IllegalArgumentException: Unsupported class file major version 61
</error>
  </testcase>
  <testcase name="testCleanupAllShouldThrowExceptionWhenSpannerDeleteInstanceFails" classname="com.google.cloud.teleport.it.spanner.DefaultSpannerResourceManagerTest" time="0.015">
    <error message="&#10;Mockito cannot mock this class: interface com.google.cloud.spanner.Spanner.&#10;&#10;If you&apos;re not sure why you&apos;re getting this error, please report to the mailing list.&#10;&#10;&#10;Java               : 17&#10;JVM vendor name    : Oracle Corporation&#10;JVM vendor version : 17.0.4.1+1-LTS-2&#10;JVM name           : Java HotSpot(TM) 64-Bit Server VM&#10;JVM version        : 17.0.4.1+1-LTS-2&#10;JVM info           : mixed mode, sharing&#10;OS name            : Mac OS X&#10;OS version         : 13.0.1&#10;&#10;&#10;You are seeing this disclaimer because Mockito is configured to create inlined mocks.&#10;You can learn about inline mocks and their limitations under item #39 of the Mockito class javadoc.&#10;&#10;Underlying exception : org.mockito.exceptions.base.MockitoException: Could not modify all classes [interface com.google.cloud.spanner.Spanner, interface java.lang.AutoCloseable]" type="org.mockito.exceptions.base.MockitoException">org.mockito.exceptions.base.MockitoException: 

Mockito cannot mock this class: interface com.google.cloud.spanner.Spanner.

If you're not sure why you're getting this error, please report to the mailing list.


Java               : 17
JVM vendor name    : Oracle Corporation
JVM vendor version : 17.0.4.1+1-LTS-2
JVM name           : Java HotSpot(TM) 64-Bit Server VM
JVM version        : 17.0.4.1+1-LTS-2
JVM info           : mixed mode, sharing
OS name            : Mac OS X
OS version         : 13.0.1


You are seeing this disclaimer because Mockito is configured to create inlined mocks.
You can learn about inline mocks and their limitations under item #39 of the Mockito class javadoc.

Underlying exception : org.mockito.exceptions.base.MockitoException: Could not modify all classes [interface com.google.cloud.spanner.Spanner, interface java.lang.AutoCloseable]
Caused by: org.mockito.exceptions.base.MockitoException: Could not modify all classes [interface com.google.cloud.spanner.Spanner, interface java.lang.AutoCloseable]
Caused by: java.lang.IllegalStateException: 

Byte Buddy could not instrument all classes within the mock's type hierarchy

This problem should never occur for javac-compiled classes. This problem has been observed for classes that are:
 - Compiled by older versions of scalac
 - Classes that are part of the Android distribution
Caused by: java.lang.IllegalArgumentException: Unsupported class file major version 61
</error>
  </testcase>
  <testcase name="testWriteSingleRecordShouldThrowExceptionWhenSpannerWriteFails" classname="com.google.cloud.teleport.it.spanner.DefaultSpannerResourceManagerTest" time="0.009">
    <error message="&#10;Mockito cannot mock this class: interface com.google.cloud.spanner.Spanner.&#10;&#10;If you&apos;re not sure why you&apos;re getting this error, please report to the mailing list.&#10;&#10;&#10;Java               : 17&#10;JVM vendor name    : Oracle Corporation&#10;JVM vendor version : 17.0.4.1+1-LTS-2&#10;JVM name           : Java HotSpot(TM) 64-Bit Server VM&#10;JVM version        : 17.0.4.1+1-LTS-2&#10;JVM info           : mixed mode, sharing&#10;OS name            : Mac OS X&#10;OS version         : 13.0.1&#10;&#10;&#10;You are seeing this disclaimer because Mockito is configured to create inlined mocks.&#10;You can learn about inline mocks and their limitations under item #39 of the Mockito class javadoc.&#10;&#10;Underlying exception : org.mockito.exceptions.base.MockitoException: Could not modify all classes [interface com.google.cloud.spanner.Spanner, interface java.lang.AutoCloseable]" type="org.mockito.exceptions.base.MockitoException">org.mockito.exceptions.base.MockitoException: 

Mockito cannot mock this class: interface com.google.cloud.spanner.Spanner.

If you're not sure why you're getting this error, please report to the mailing list.


Java               : 17
JVM vendor name    : Oracle Corporation
JVM vendor version : 17.0.4.1+1-LTS-2
JVM name           : Java HotSpot(TM) 64-Bit Server VM
JVM version        : 17.0.4.1+1-LTS-2
JVM info           : mixed mode, sharing
OS name            : Mac OS X
OS version         : 13.0.1


You are seeing this disclaimer because Mockito is configured to create inlined mocks.
You can learn about inline mocks and their limitations under item #39 of the Mockito class javadoc.

Underlying exception : org.mockito.exceptions.base.MockitoException: Could not modify all classes [interface com.google.cloud.spanner.Spanner, interface java.lang.AutoCloseable]
Caused by: org.mockito.exceptions.base.MockitoException: Could not modify all classes [interface com.google.cloud.spanner.Spanner, interface java.lang.AutoCloseable]
Caused by: java.lang.IllegalStateException: 

Byte Buddy could not instrument all classes within the mock's type hierarchy

This problem should never occur for javac-compiled classes. This problem has been observed for classes that are:
 - Compiled by older versions of scalac
 - Classes that are part of the Android distribution
Caused by: java.lang.IllegalArgumentException: Unsupported class file major version 61
</error>
  </testcase>
  <testcase name="testWriteMultipleRecordsShouldWorkWhenSpannerWriteSucceeds" classname="com.google.cloud.teleport.it.spanner.DefaultSpannerResourceManagerTest" time="0.008">
    <error message="&#10;Mockito cannot mock this class: interface com.google.cloud.spanner.Spanner.&#10;&#10;If you&apos;re not sure why you&apos;re getting this error, please report to the mailing list.&#10;&#10;&#10;Java               : 17&#10;JVM vendor name    : Oracle Corporation&#10;JVM vendor version : 17.0.4.1+1-LTS-2&#10;JVM name           : Java HotSpot(TM) 64-Bit Server VM&#10;JVM version        : 17.0.4.1+1-LTS-2&#10;JVM info           : mixed mode, sharing&#10;OS name            : Mac OS X&#10;OS version         : 13.0.1&#10;&#10;&#10;You are seeing this disclaimer because Mockito is configured to create inlined mocks.&#10;You can learn about inline mocks and their limitations under item #39 of the Mockito class javadoc.&#10;&#10;Underlying exception : org.mockito.exceptions.base.MockitoException: Could not modify all classes [interface com.google.cloud.spanner.Spanner, interface java.lang.AutoCloseable]" type="org.mockito.exceptions.base.MockitoException">org.mockito.exceptions.base.MockitoException: 

Mockito cannot mock this class: interface com.google.cloud.spanner.Spanner.

If you're not sure why you're getting this error, please report to the mailing list.


Java               : 17
JVM vendor name    : Oracle Corporation
JVM vendor version : 17.0.4.1+1-LTS-2
JVM name           : Java HotSpot(TM) 64-Bit Server VM
JVM version        : 17.0.4.1+1-LTS-2
JVM info           : mixed mode, sharing
OS name            : Mac OS X
OS version         : 13.0.1


You are seeing this disclaimer because Mockito is configured to create inlined mocks.
You can learn about inline mocks and their limitations under item #39 of the Mockito class javadoc.

Underlying exception : org.mockito.exceptions.base.MockitoException: Could not modify all classes [interface com.google.cloud.spanner.Spanner, interface java.lang.AutoCloseable]
Caused by: org.mockito.exceptions.base.MockitoException: Could not modify all classes [interface com.google.cloud.spanner.Spanner, interface java.lang.AutoCloseable]
Caused by: java.lang.IllegalStateException: 

Byte Buddy could not instrument all classes within the mock's type hierarchy

This problem should never occur for javac-compiled classes. This problem has been observed for classes that are:
 - Compiled by older versions of scalac
 - Classes that are part of the Android distribution
Caused by: java.lang.IllegalArgumentException: Unsupported class file major version 61
</error>
  </testcase>
  <testcase name="testCreateTableShouldThrowExceptionWhenSpannerCreateInstanceFails" classname="com.google.cloud.teleport.it.spanner.DefaultSpannerResourceManagerTest" time="0.009">
    <error message="&#10;Mockito cannot mock this class: interface com.google.cloud.spanner.Spanner.&#10;&#10;If you&apos;re not sure why you&apos;re getting this error, please report to the mailing list.&#10;&#10;&#10;Java               : 17&#10;JVM vendor name    : Oracle Corporation&#10;JVM vendor version : 17.0.4.1+1-LTS-2&#10;JVM name           : Java HotSpot(TM) 64-Bit Server VM&#10;JVM version        : 17.0.4.1+1-LTS-2&#10;JVM info           : mixed mode, sharing&#10;OS name            : Mac OS X&#10;OS version         : 13.0.1&#10;&#10;&#10;You are seeing this disclaimer because Mockito is configured to create inlined mocks.&#10;You can learn about inline mocks and their limitations under item #39 of the Mockito class javadoc.&#10;&#10;Underlying exception : org.mockito.exceptions.base.MockitoException: Could not modify all classes [interface com.google.cloud.spanner.Spanner, interface java.lang.AutoCloseable]" type="org.mockito.exceptions.base.MockitoException">org.mockito.exceptions.base.MockitoException: 

Mockito cannot mock this class: interface com.google.cloud.spanner.Spanner.

If you're not sure why you're getting this error, please report to the mailing list.


Java               : 17
JVM vendor name    : Oracle Corporation
JVM vendor version : 17.0.4.1+1-LTS-2
JVM name           : Java HotSpot(TM) 64-Bit Server VM
JVM version        : 17.0.4.1+1-LTS-2
JVM info           : mixed mode, sharing
OS name            : Mac OS X
OS version         : 13.0.1


You are seeing this disclaimer because Mockito is configured to create inlined mocks.
You can learn about inline mocks and their limitations under item #39 of the Mockito class javadoc.

Underlying exception : org.mockito.exceptions.base.MockitoException: Could not modify all classes [interface com.google.cloud.spanner.Spanner, interface java.lang.AutoCloseable]
Caused by: org.mockito.exceptions.base.MockitoException: Could not modify all classes [interface com.google.cloud.spanner.Spanner, interface java.lang.AutoCloseable]
Caused by: java.lang.IllegalStateException: 

Byte Buddy could not instrument all classes within the mock's type hierarchy

This problem should never occur for javac-compiled classes. This problem has been observed for classes that are:
 - Compiled by older versions of scalac
 - Classes that are part of the Android distribution
Caused by: java.lang.IllegalArgumentException: Unsupported class file major version 61
</error>
  </testcase>
  <testcase name="testCreateTableShouldThrowExceptionWhenSpannerCreateDatabaseFails" classname="com.google.cloud.teleport.it.spanner.DefaultSpannerResourceManagerTest" time="0.012">
    <error message="&#10;Mockito cannot mock this class: interface com.google.cloud.spanner.Spanner.&#10;&#10;If you&apos;re not sure why you&apos;re getting this error, please report to the mailing list.&#10;&#10;&#10;Java               : 17&#10;JVM vendor name    : Oracle Corporation&#10;JVM vendor version : 17.0.4.1+1-LTS-2&#10;JVM name           : Java HotSpot(TM) 64-Bit Server VM&#10;JVM version        : 17.0.4.1+1-LTS-2&#10;JVM info           : mixed mode, sharing&#10;OS name            : Mac OS X&#10;OS version         : 13.0.1&#10;&#10;&#10;You are seeing this disclaimer because Mockito is configured to create inlined mocks.&#10;You can learn about inline mocks and their limitations under item #39 of the Mockito class javadoc.&#10;&#10;Underlying exception : org.mockito.exceptions.base.MockitoException: Could not modify all classes [interface com.google.cloud.spanner.Spanner, interface java.lang.AutoCloseable]" type="org.mockito.exceptions.base.MockitoException">org.mockito.exceptions.base.MockitoException: 

Mockito cannot mock this class: interface com.google.cloud.spanner.Spanner.

If you're not sure why you're getting this error, please report to the mailing list.


Java               : 17
JVM vendor name    : Oracle Corporation
JVM vendor version : 17.0.4.1+1-LTS-2
JVM name           : Java HotSpot(TM) 64-Bit Server VM
JVM version        : 17.0.4.1+1-LTS-2
JVM info           : mixed mode, sharing
OS name            : Mac OS X
OS version         : 13.0.1


You are seeing this disclaimer because Mockito is configured to create inlined mocks.
You can learn about inline mocks and their limitations under item #39 of the Mockito class javadoc.

Underlying exception : org.mockito.exceptions.base.MockitoException: Could not modify all classes [interface com.google.cloud.spanner.Spanner, interface java.lang.AutoCloseable]
Caused by: org.mockito.exceptions.base.MockitoException: Could not modify all classes [interface com.google.cloud.spanner.Spanner, interface java.lang.AutoCloseable]
Caused by: java.lang.IllegalStateException: 

Byte Buddy could not instrument all classes within the mock's type hierarchy

This problem should never occur for javac-compiled classes. This problem has been observed for classes that are:
 - Compiled by older versions of scalac
 - Classes that are part of the Android distribution
Caused by: java.lang.IllegalArgumentException: Unsupported class file major version 61
</error>
  </testcase>
  <testcase name="testWriteSingleRecordShouldThrowExceptionWhenCalledBeforeCreateTable" classname="com.google.cloud.teleport.it.spanner.DefaultSpannerResourceManagerTest" time="0.008">
    <error message="&#10;Mockito cannot mock this class: interface com.google.cloud.spanner.Spanner.&#10;&#10;If you&apos;re not sure why you&apos;re getting this error, please report to the mailing list.&#10;&#10;&#10;Java               : 17&#10;JVM vendor name    : Oracle Corporation&#10;JVM vendor version : 17.0.4.1+1-LTS-2&#10;JVM name           : Java HotSpot(TM) 64-Bit Server VM&#10;JVM version        : 17.0.4.1+1-LTS-2&#10;JVM info           : mixed mode, sharing&#10;OS name            : Mac OS X&#10;OS version         : 13.0.1&#10;&#10;&#10;You are seeing this disclaimer because Mockito is configured to create inlined mocks.&#10;You can learn about inline mocks and their limitations under item #39 of the Mockito class javadoc.&#10;&#10;Underlying exception : org.mockito.exceptions.base.MockitoException: Could not modify all classes [interface com.google.cloud.spanner.Spanner, interface java.lang.AutoCloseable]" type="org.mockito.exceptions.base.MockitoException">org.mockito.exceptions.base.MockitoException: 

Mockito cannot mock this class: interface com.google.cloud.spanner.Spanner.

If you're not sure why you're getting this error, please report to the mailing list.


Java               : 17
JVM vendor name    : Oracle Corporation
JVM vendor version : 17.0.4.1+1-LTS-2
JVM name           : Java HotSpot(TM) 64-Bit Server VM
JVM version        : 17.0.4.1+1-LTS-2
JVM info           : mixed mode, sharing
OS name            : Mac OS X
OS version         : 13.0.1


You are seeing this disclaimer because Mockito is configured to create inlined mocks.
You can learn about inline mocks and their limitations under item #39 of the Mockito class javadoc.

Underlying exception : org.mockito.exceptions.base.MockitoException: Could not modify all classes [interface com.google.cloud.spanner.Spanner, interface java.lang.AutoCloseable]
Caused by: org.mockito.exceptions.base.MockitoException: Could not modify all classes [interface com.google.cloud.spanner.Spanner, interface java.lang.AutoCloseable]
Caused by: java.lang.IllegalStateException: 

Byte Buddy could not instrument all classes within the mock's type hierarchy

This problem should never occur for javac-compiled classes. This problem has been observed for classes that are:
 - Compiled by older versions of scalac
 - Classes that are part of the Android distribution
Caused by: java.lang.IllegalArgumentException: Unsupported class file major version 61
</error>
  </testcase>
  <testcase name="testReadRecordsWithListOfColumnNamesShouldWorkWhenSpannerReadSucceeds" classname="com.google.cloud.teleport.it.spanner.DefaultSpannerResourceManagerTest" time="0.007">
    <error message="&#10;Mockito cannot mock this class: interface com.google.cloud.spanner.Spanner.&#10;&#10;If you&apos;re not sure why you&apos;re getting this error, please report to the mailing list.&#10;&#10;&#10;Java               : 17&#10;JVM vendor name    : Oracle Corporation&#10;JVM vendor version : 17.0.4.1+1-LTS-2&#10;JVM name           : Java HotSpot(TM) 64-Bit Server VM&#10;JVM version        : 17.0.4.1+1-LTS-2&#10;JVM info           : mixed mode, sharing&#10;OS name            : Mac OS X&#10;OS version         : 13.0.1&#10;&#10;&#10;You are seeing this disclaimer because Mockito is configured to create inlined mocks.&#10;You can learn about inline mocks and their limitations under item #39 of the Mockito class javadoc.&#10;&#10;Underlying exception : org.mockito.exceptions.base.MockitoException: Could not modify all classes [interface com.google.cloud.spanner.Spanner, interface java.lang.AutoCloseable]" type="org.mockito.exceptions.base.MockitoException">org.mockito.exceptions.base.MockitoException: 

Mockito cannot mock this class: interface com.google.cloud.spanner.Spanner.

If you're not sure why you're getting this error, please report to the mailing list.


Java               : 17
JVM vendor name    : Oracle Corporation
JVM vendor version : 17.0.4.1+1-LTS-2
JVM name           : Java HotSpot(TM) 64-Bit Server VM
JVM version        : 17.0.4.1+1-LTS-2
JVM info           : mixed mode, sharing
OS name            : Mac OS X
OS version         : 13.0.1


You are seeing this disclaimer because Mockito is configured to create inlined mocks.
You can learn about inline mocks and their limitations under item #39 of the Mockito class javadoc.

Underlying exception : org.mockito.exceptions.base.MockitoException: Could not modify all classes [interface com.google.cloud.spanner.Spanner, interface java.lang.AutoCloseable]
Caused by: org.mockito.exceptions.base.MockitoException: Could not modify all classes [interface com.google.cloud.spanner.Spanner, interface java.lang.AutoCloseable]
Caused by: java.lang.IllegalStateException: 

Byte Buddy could not instrument all classes within the mock's type hierarchy

This problem should never occur for javac-compiled classes. This problem has been observed for classes that are:
 - Compiled by older versions of scalac
 - Classes that are part of the Android distribution
Caused by: java.lang.IllegalArgumentException: Unsupported class file major version 61
</error>
  </testcase>
  <testcase name="testWriteMultipleRecordsShouldThrowExceptionWhenSpannerWriteFails" classname="com.google.cloud.teleport.it.spanner.DefaultSpannerResourceManagerTest" time="0.007">
    <error message="&#10;Mockito cannot mock this class: interface com.google.cloud.spanner.Spanner.&#10;&#10;If you&apos;re not sure why you&apos;re getting this error, please report to the mailing list.&#10;&#10;&#10;Java               : 17&#10;JVM vendor name    : Oracle Corporation&#10;JVM vendor version : 17.0.4.1+1-LTS-2&#10;JVM name           : Java HotSpot(TM) 64-Bit Server VM&#10;JVM version        : 17.0.4.1+1-LTS-2&#10;JVM info           : mixed mode, sharing&#10;OS name            : Mac OS X&#10;OS version         : 13.0.1&#10;&#10;&#10;You are seeing this disclaimer because Mockito is configured to create inlined mocks.&#10;You can learn about inline mocks and their limitations under item #39 of the Mockito class javadoc.&#10;&#10;Underlying exception : org.mockito.exceptions.base.MockitoException: Could not modify all classes [interface com.google.cloud.spanner.Spanner, interface java.lang.AutoCloseable]" type="org.mockito.exceptions.base.MockitoException">org.mockito.exceptions.base.MockitoException: 

Mockito cannot mock this class: interface com.google.cloud.spanner.Spanner.

If you're not sure why you're getting this error, please report to the mailing list.


Java               : 17
JVM vendor name    : Oracle Corporation
JVM vendor version : 17.0.4.1+1-LTS-2
JVM name           : Java HotSpot(TM) 64-Bit Server VM
JVM version        : 17.0.4.1+1-LTS-2
JVM info           : mixed mode, sharing
OS name            : Mac OS X
OS version         : 13.0.1


You are seeing this disclaimer because Mockito is configured to create inlined mocks.
You can learn about inline mocks and their limitations under item #39 of the Mockito class javadoc.

Underlying exception : org.mockito.exceptions.base.MockitoException: Could not modify all classes [interface com.google.cloud.spanner.Spanner, interface java.lang.AutoCloseable]
Caused by: org.mockito.exceptions.base.MockitoException: Could not modify all classes [interface com.google.cloud.spanner.Spanner, interface java.lang.AutoCloseable]
Caused by: java.lang.IllegalStateException: 

Byte Buddy could not instrument all classes within the mock's type hierarchy

This problem should never occur for javac-compiled classes. This problem has been observed for classes that are:
 - Compiled by older versions of scalac
 - Classes that are part of the Android distribution
Caused by: java.lang.IllegalArgumentException: Unsupported class file major version 61
</error>
  </testcase>
  <testcase name="testWriteSingleRecordShouldWorkWhenSpannerWriteSucceeds" classname="com.google.cloud.teleport.it.spanner.DefaultSpannerResourceManagerTest" time="0.017">
    <error message="&#10;Mockito cannot mock this class: interface com.google.cloud.spanner.Spanner.&#10;&#10;If you&apos;re not sure why you&apos;re getting this error, please report to the mailing list.&#10;&#10;&#10;Java               : 17&#10;JVM vendor name    : Oracle Corporation&#10;JVM vendor version : 17.0.4.1+1-LTS-2&#10;JVM name           : Java HotSpot(TM) 64-Bit Server VM&#10;JVM version        : 17.0.4.1+1-LTS-2&#10;JVM info           : mixed mode, sharing&#10;OS name            : Mac OS X&#10;OS version         : 13.0.1&#10;&#10;&#10;You are seeing this disclaimer because Mockito is configured to create inlined mocks.&#10;You can learn about inline mocks and their limitations under item #39 of the Mockito class javadoc.&#10;&#10;Underlying exception : org.mockito.exceptions.base.MockitoException: Could not modify all classes [interface com.google.cloud.spanner.Spanner, interface java.lang.AutoCloseable]" type="org.mockito.exceptions.base.MockitoException">org.mockito.exceptions.base.MockitoException: 

Mockito cannot mock this class: interface com.google.cloud.spanner.Spanner.

If you're not sure why you're getting this error, please report to the mailing list.


Java               : 17
JVM vendor name    : Oracle Corporation
JVM vendor version : 17.0.4.1+1-LTS-2
JVM name           : Java HotSpot(TM) 64-Bit Server VM
JVM version        : 17.0.4.1+1-LTS-2
JVM info           : mixed mode, sharing
OS name            : Mac OS X
OS version         : 13.0.1


You are seeing this disclaimer because Mockito is configured to create inlined mocks.
You can learn about inline mocks and their limitations under item #39 of the Mockito class javadoc.

Underlying exception : org.mockito.exceptions.base.MockitoException: Could not modify all classes [interface com.google.cloud.spanner.Spanner, interface java.lang.AutoCloseable]
Caused by: org.mockito.exceptions.base.MockitoException: Could not modify all classes [interface com.google.cloud.spanner.Spanner, interface java.lang.AutoCloseable]
Caused by: java.lang.IllegalStateException: 

Byte Buddy could not instrument all classes within the mock's type hierarchy

This problem should never occur for javac-compiled classes. This problem has been observed for classes that are:
 - Compiled by older versions of scalac
 - Classes that are part of the Android distribution
Caused by: java.lang.IllegalArgumentException: Unsupported class file major version 61
</error>
  </testcase>
  <testcase name="testReadRecordsShouldThrowExceptionWhenCalledBeforeCreateTable" classname="com.google.cloud.teleport.it.spanner.DefaultSpannerResourceManagerTest" time="0.009">
    <error message="&#10;Mockito cannot mock this class: interface com.google.cloud.spanner.Spanner.&#10;&#10;If you&apos;re not sure why you&apos;re getting this error, please report to the mailing list.&#10;&#10;&#10;Java               : 17&#10;JVM vendor name    : Oracle Corporation&#10;JVM vendor version : 17.0.4.1+1-LTS-2&#10;JVM name           : Java HotSpot(TM) 64-Bit Server VM&#10;JVM version        : 17.0.4.1+1-LTS-2&#10;JVM info           : mixed mode, sharing&#10;OS name            : Mac OS X&#10;OS version         : 13.0.1&#10;&#10;&#10;You are seeing this disclaimer because Mockito is configured to create inlined mocks.&#10;You can learn about inline mocks and their limitations under item #39 of the Mockito class javadoc.&#10;&#10;Underlying exception : org.mockito.exceptions.base.MockitoException: Could not modify all classes [interface com.google.cloud.spanner.Spanner, interface java.lang.AutoCloseable]" type="org.mockito.exceptions.base.MockitoException">org.mockito.exceptions.base.MockitoException: 

Mockito cannot mock this class: interface com.google.cloud.spanner.Spanner.

If you're not sure why you're getting this error, please report to the mailing list.


Java               : 17
JVM vendor name    : Oracle Corporation
JVM vendor version : 17.0.4.1+1-LTS-2
JVM name           : Java HotSpot(TM) 64-Bit Server VM
JVM version        : 17.0.4.1+1-LTS-2
JVM info           : mixed mode, sharing
OS name            : Mac OS X
OS version         : 13.0.1


You are seeing this disclaimer because Mockito is configured to create inlined mocks.
You can learn about inline mocks and their limitations under item #39 of the Mockito class javadoc.

Underlying exception : org.mockito.exceptions.base.MockitoException: Could not modify all classes [interface com.google.cloud.spanner.Spanner, interface java.lang.AutoCloseable]
Caused by: org.mockito.exceptions.base.MockitoException: Could not modify all classes [interface com.google.cloud.spanner.Spanner, interface java.lang.AutoCloseable]
Caused by: java.lang.IllegalStateException: 

Byte Buddy could not instrument all classes within the mock's type hierarchy

This problem should never occur for javac-compiled classes. This problem has been observed for classes that are:
 - Compiled by older versions of scalac
 - Classes that are part of the Android distribution
Caused by: java.lang.IllegalArgumentException: Unsupported class file major version 61
</error>
  </testcase>
  <testcase name="testManagerShouldBeUnusableAfterCleanup" classname="com.google.cloud.teleport.it.spanner.DefaultSpannerResourceManagerTest" time="0.007">
    <error message="&#10;Mockito cannot mock this class: interface com.google.cloud.spanner.Spanner.&#10;&#10;If you&apos;re not sure why you&apos;re getting this error, please report to the mailing list.&#10;&#10;&#10;Java               : 17&#10;JVM vendor name    : Oracle Corporation&#10;JVM vendor version : 17.0.4.1+1-LTS-2&#10;JVM name           : Java HotSpot(TM) 64-Bit Server VM&#10;JVM version        : 17.0.4.1+1-LTS-2&#10;JVM info           : mixed mode, sharing&#10;OS name            : Mac OS X&#10;OS version         : 13.0.1&#10;&#10;&#10;You are seeing this disclaimer because Mockito is configured to create inlined mocks.&#10;You can learn about inline mocks and their limitations under item #39 of the Mockito class javadoc.&#10;&#10;Underlying exception : org.mockito.exceptions.base.MockitoException: Could not modify all classes [interface com.google.cloud.spanner.Spanner, interface java.lang.AutoCloseable]" type="org.mockito.exceptions.base.MockitoException">org.mockito.exceptions.base.MockitoException: 

Mockito cannot mock this class: interface com.google.cloud.spanner.Spanner.

If you're not sure why you're getting this error, please report to the mailing list.


Java               : 17
JVM vendor name    : Oracle Corporation
JVM vendor version : 17.0.4.1+1-LTS-2
JVM name           : Java HotSpot(TM) 64-Bit Server VM
JVM version        : 17.0.4.1+1-LTS-2
JVM info           : mixed mode, sharing
OS name            : Mac OS X
OS version         : 13.0.1


You are seeing this disclaimer because Mockito is configured to create inlined mocks.
You can learn about inline mocks and their limitations under item #39 of the Mockito class javadoc.

Underlying exception : org.mockito.exceptions.base.MockitoException: Could not modify all classes [interface com.google.cloud.spanner.Spanner, interface java.lang.AutoCloseable]
Caused by: org.mockito.exceptions.base.MockitoException: Could not modify all classes [interface com.google.cloud.spanner.Spanner, interface java.lang.AutoCloseable]
Caused by: java.lang.IllegalStateException: 

Byte Buddy could not instrument all classes within the mock's type hierarchy

This problem should never occur for javac-compiled classes. This problem has been observed for classes that are:
 - Compiled by older versions of scalac
 - Classes that are part of the Android distribution
Caused by: java.lang.IllegalArgumentException: Unsupported class file major version 61
</error>
  </testcase>
  <testcase name="testCreateTableShouldWorkWhenSpannerDoesntThrowAnyError" classname="com.google.cloud.teleport.it.spanner.DefaultSpannerResourceManagerTest" time="0.007">
    <error message="&#10;Mockito cannot mock this class: interface com.google.cloud.spanner.Spanner.&#10;&#10;If you&apos;re not sure why you&apos;re getting this error, please report to the mailing list.&#10;&#10;&#10;Java               : 17&#10;JVM vendor name    : Oracle Corporation&#10;JVM vendor version : 17.0.4.1+1-LTS-2&#10;JVM name           : Java HotSpot(TM) 64-Bit Server VM&#10;JVM version        : 17.0.4.1+1-LTS-2&#10;JVM info           : mixed mode, sharing&#10;OS name            : Mac OS X&#10;OS version         : 13.0.1&#10;&#10;&#10;You are seeing this disclaimer because Mockito is configured to create inlined mocks.&#10;You can learn about inline mocks and their limitations under item #39 of the Mockito class javadoc.&#10;&#10;Underlying exception : org.mockito.exceptions.base.MockitoException: Could not modify all classes [interface com.google.cloud.spanner.Spanner, interface java.lang.AutoCloseable]" type="org.mockito.exceptions.base.MockitoException">org.mockito.exceptions.base.MockitoException: 

Mockito cannot mock this class: interface com.google.cloud.spanner.Spanner.

If you're not sure why you're getting this error, please report to the mailing list.


Java               : 17
JVM vendor name    : Oracle Corporation
JVM vendor version : 17.0.4.1+1-LTS-2
JVM name           : Java HotSpot(TM) 64-Bit Server VM
JVM version        : 17.0.4.1+1-LTS-2
JVM info           : mixed mode, sharing
OS name            : Mac OS X
OS version         : 13.0.1


You are seeing this disclaimer because Mockito is configured to create inlined mocks.
You can learn about inline mocks and their limitations under item #39 of the Mockito class javadoc.

Underlying exception : org.mockito.exceptions.base.MockitoException: Could not modify all classes [interface com.google.cloud.spanner.Spanner, interface java.lang.AutoCloseable]
Caused by: org.mockito.exceptions.base.MockitoException: Could not modify all classes [interface com.google.cloud.spanner.Spanner, interface java.lang.AutoCloseable]
Caused by: java.lang.IllegalStateException: 

Byte Buddy could not instrument all classes within the mock's type hierarchy

This problem should never occur for javac-compiled classes. This problem has been observed for classes that are:
 - Compiled by older versions of scalac
 - Classes that are part of the Android distribution
Caused by: java.lang.IllegalArgumentException: Unsupported class file major version 61
</error>
  </testcase>
  <testcase name="testCleanupAllShouldWorkWhenSpannerDeleteInstanceSucceeds" classname="com.google.cloud.teleport.it.spanner.DefaultSpannerResourceManagerTest" time="0.008">
    <error message="&#10;Mockito cannot mock this class: interface com.google.cloud.spanner.Spanner.&#10;&#10;If you&apos;re not sure why you&apos;re getting this error, please report to the mailing list.&#10;&#10;&#10;Java               : 17&#10;JVM vendor name    : Oracle Corporation&#10;JVM vendor version : 17.0.4.1+1-LTS-2&#10;JVM name           : Java HotSpot(TM) 64-Bit Server VM&#10;JVM version        : 17.0.4.1+1-LTS-2&#10;JVM info           : mixed mode, sharing&#10;OS name            : Mac OS X&#10;OS version         : 13.0.1&#10;&#10;&#10;You are seeing this disclaimer because Mockito is configured to create inlined mocks.&#10;You can learn about inline mocks and their limitations under item #39 of the Mockito class javadoc.&#10;&#10;Underlying exception : org.mockito.exceptions.base.MockitoException: Could not modify all classes [interface com.google.cloud.spanner.Spanner, interface java.lang.AutoCloseable]" type="org.mockito.exceptions.base.MockitoException">org.mockito.exceptions.base.MockitoException: 

Mockito cannot mock this class: interface com.google.cloud.spanner.Spanner.

If you're not sure why you're getting this error, please report to the mailing list.


Java               : 17
JVM vendor name    : Oracle Corporation
JVM vendor version : 17.0.4.1+1-LTS-2
JVM name           : Java HotSpot(TM) 64-Bit Server VM
JVM version        : 17.0.4.1+1-LTS-2
JVM info           : mixed mode, sharing
OS name            : Mac OS X
OS version         : 13.0.1


You are seeing this disclaimer because Mockito is configured to create inlined mocks.
You can learn about inline mocks and their limitations under item #39 of the Mockito class javadoc.

Underlying exception : org.mockito.exceptions.base.MockitoException: Could not modify all classes [interface com.google.cloud.spanner.Spanner, interface java.lang.AutoCloseable]
Caused by: org.mockito.exceptions.base.MockitoException: Could not modify all classes [interface com.google.cloud.spanner.Spanner, interface java.lang.AutoCloseable]
Caused by: java.lang.IllegalStateException: 

Byte Buddy could not instrument all classes within the mock's type hierarchy

This problem should never occur for javac-compiled classes. This problem has been observed for classes that are:
 - Compiled by older versions of scalac
 - Classes that are part of the Android distribution
Caused by: java.lang.IllegalArgumentException: Unsupported class file major version 61
</error>
  </testcase>
  <testcase name="testReadRecordsShouldWorkWhenSpannerReadSucceeds" classname="com.google.cloud.teleport.it.spanner.DefaultSpannerResourceManagerTest" time="0.007">
    <error message="&#10;Mockito cannot mock this class: interface com.google.cloud.spanner.Spanner.&#10;&#10;If you&apos;re not sure why you&apos;re getting this error, please report to the mailing list.&#10;&#10;&#10;Java               : 17&#10;JVM vendor name    : Oracle Corporation&#10;JVM vendor version : 17.0.4.1+1-LTS-2&#10;JVM name           : Java HotSpot(TM) 64-Bit Server VM&#10;JVM version        : 17.0.4.1+1-LTS-2&#10;JVM info           : mixed mode, sharing&#10;OS name            : Mac OS X&#10;OS version         : 13.0.1&#10;&#10;&#10;You are seeing this disclaimer because Mockito is configured to create inlined mocks.&#10;You can learn about inline mocks and their limitations under item #39 of the Mockito class javadoc.&#10;&#10;Underlying exception : org.mockito.exceptions.base.MockitoException: Could not modify all classes [interface com.google.cloud.spanner.Spanner, interface java.lang.AutoCloseable]" type="org.mockito.exceptions.base.MockitoException">org.mockito.exceptions.base.MockitoException: 

Mockito cannot mock this class: interface com.google.cloud.spanner.Spanner.

If you're not sure why you're getting this error, please report to the mailing list.


Java               : 17
JVM vendor name    : Oracle Corporation
JVM vendor version : 17.0.4.1+1-LTS-2
JVM name           : Java HotSpot(TM) 64-Bit Server VM
JVM version        : 17.0.4.1+1-LTS-2
JVM info           : mixed mode, sharing
OS name            : Mac OS X
OS version         : 13.0.1


You are seeing this disclaimer because Mockito is configured to create inlined mocks.
You can learn about inline mocks and their limitations under item #39 of the Mockito class javadoc.

Underlying exception : org.mockito.exceptions.base.MockitoException: Could not modify all classes [interface com.google.cloud.spanner.Spanner, interface java.lang.AutoCloseable]
Caused by: org.mockito.exceptions.base.MockitoException: Could not modify all classes [interface com.google.cloud.spanner.Spanner, interface java.lang.AutoCloseable]
Caused by: java.lang.IllegalStateException: 

Byte Buddy could not instrument all classes within the mock's type hierarchy

This problem should never occur for javac-compiled classes. This problem has been observed for classes that are:
 - Compiled by older versions of scalac
 - Classes that are part of the Android distribution
Caused by: java.lang.IllegalArgumentException: Unsupported class file major version 61
</error>
  </testcase>
</testsuite>